2024-08-04 23:29:25.224 - DBeaver 24.1.3.202407211303 is starting
2024-08-04 23:29:25.226 - OS: Windows 11 10.0 (amd64)
2024-08-04 23:29:25.226 - Java version: 17.0.6 by Eclipse Adoptium (64bit)
2024-08-04 23:29:25.226 - Install path: 'C:\ohj\DBMS\resourse\dbeaver'
2024-08-04 23:29:25.226 - Instance path: 'file:/C:/ohj/DBMS/workspace/'
2024-08-04 23:29:25.231 - Memory available 64Mb/1024Mb
2024-08-04 23:29:25.253 - Create display
2024-08-04 23:29:25.349 - Initialize desktop platform...
2024-08-04 23:29:25.356 - send collected statistics
2024-08-04 23:29:25.536 - BounceCastle bundle found. Use JCE provider BC
> Start Core File Systems [org.eclipse.core.filesystem 1.10.400.v20240426-1040]
> Start Core Resource Management [org.eclipse.core.resources 3.20.200.v20240513-1323]
> Start 팀 지원 핵심 [org.eclipse.team.core 3.10.400.v20240413-1529]
> Start DBeaver UI Navigator [org.jkiss.dbeaver.ui.navigator 1.0.135.202407211303]
2024-08-04 23:29:25.734 - Initialize base platform...
2024-08-04 23:29:25.758 - Platform initialized (409ms)
> Start DBeaver UI Editors - Base [org.jkiss.dbeaver.ui.editors.base 1.0.135.202407211303]
2024-08-04 23:29:25.831 - Starting instance server at http://localhost:60089
2024-08-04 23:29:25.861 - Run workbench
> Start Eclipse e4 작업영역 SWT [org.eclipse.e4.ui.workbench.swt 0.17.400.v20240425-0840]
> Start Eclipse Application Services [org.eclipse.e4.core.services 2.4.400.v20240413-1529]
> Start Eclipse UI Application Services [org.eclipse.e4.ui.services 1.6.300.v20231201-1637]
> Start Eclipse e4 Progress View [org.eclipse.e4.ui.progress 0.4.400.v20240424-0956]
> Start Eclipse Bindings Support [org.eclipse.e4.ui.bindings 0.14.400.v20240321-1245]
> Start Eclipse e4 core commands [org.eclipse.e4.core.commands 1.1.400.v20240424-0444]
> Start EMF XML/XMI Persistence [org.eclipse.emf.ecore.xmi 2.37.0.v20231208-1346]
> Start Eclipse CSS SWT Theme Support [org.eclipse.e4.ui.css.swt.theme 0.14.400.v20240424-0956]
> Start Eclipse e4 작업영역 기능 추가 [org.eclipse.e4.ui.workbench.addons.swt 1.5.400.v20240416-0658]
> Start Eclipse e4 작업영역 SWT 렌더러 [org.eclipse.e4.ui.workbench.renderers.swt 0.16.400.v20240418-1547]
> Start Eclipse Dependency Injection Extensions [org.eclipse.e4.core.di.extensions 0.18.300.v20240413-1529]
> Start Eclipse CSS SWT Support [org.eclipse.e4.ui.css.swt 0.15.400.v20240321-1245]
> Start 기본 문서 편집기 [org.eclipse.ui.editors 3.17.300.v20240524-2010]
> Start 텍스트 편집기 프레임워크 [org.eclipse.ui.workbench.texteditor 3.17.400.v20240524-2010]
2024-08-04 23:29:28.406 - Configure workbench window
> Start DBeaver SQL Model [org.jkiss.dbeaver.model.sql 1.0.125.202407211303]
2024-08-04 23:29:28.670 - Total database drivers: 118 (118)
> Start 도움말 시스템 코어 [org.eclipse.help 3.10.400.v20240415-0528]
2024-08-04 23:29:28.758 - Create actions
2024-08-04 23:29:28.759 - Disable Eclipse action set 'org.eclipse.ui.edit.text.actionSet.annotationNavigation'
2024-08-04 23:29:28.759 - Disable Eclipse action set 'org.eclipse.ui.WorkingSetActionSet'
2024-08-04 23:29:28.759 - Disable Eclipse action set 'org.eclipse.ui.actionSet.openFiles'
2024-08-04 23:29:28.759 - Create workbench actions
2024-08-04 23:29:29.312 - Initialize workbench window
2024-08-04 23:29:29.318 - Finish initialization
> Start DBeaver UI Editors - Data [org.jkiss.dbeaver.ui.editors.data 1.0.135.202407211303]
Warning: NLS unused message: actions_navigator__objects in: org.jkiss.dbeaver.ui.editors.sql.internal.SQLEditorMessages
> Start DBeaver UI Editors - SQL [org.jkiss.dbeaver.ui.editors.sql 1.0.135.202407211303]
Warning: NLS unused message: FindReplace_title in: org.eclipse.ui.texteditor.EditorMessages
Warning: NLS unused message: FindReplace_Find_label in: org.eclipse.ui.texteditor.EditorMessages
Warning: NLS unused message: FindReplace_Replace_label in: org.eclipse.ui.texteditor.EditorMessages
Warning: NLS unused message: FindReplace_Direction in: org.eclipse.ui.texteditor.EditorMessages
Warning: NLS unused message: FindReplace_ForwardRadioButton_label in: org.eclipse.ui.texteditor.EditorMessages
Warning: NLS unused message: FindReplace_BackwardRadioButton_label in: org.eclipse.ui.texteditor.EditorMessages
Warning: NLS unused message: FindReplace_Scope in: org.eclipse.ui.texteditor.EditorMessages
Warning: NLS unused message: FindReplace_GlobalRadioButton_label in: org.eclipse.ui.texteditor.EditorMessages
Warning: NLS unused message: FindReplace_SelectedRangeRadioButton_label in: org.eclipse.ui.texteditor.EditorMessages
Warning: NLS unused message: FindReplace_Options in: org.eclipse.ui.texteditor.EditorMessages
Warning: NLS unused message: FindReplace_CaseCheckBox_label in: org.eclipse.ui.texteditor.EditorMessages
Warning: NLS unused message: FindReplace_WrapCheckBox_label in: org.eclipse.ui.texteditor.EditorMessages
Warning: NLS unused message: FindReplace_WholeWordCheckBox_label in: org.eclipse.ui.texteditor.EditorMessages
Warning: NLS unused message: FindReplace_IncrementalCheckBox_label in: org.eclipse.ui.texteditor.EditorMessages
Warning: NLS unused message: FindReplace_RegExCheckbox_label in: org.eclipse.ui.texteditor.EditorMessages
Warning: NLS unused message: FindReplace_FindNextButton_label in: org.eclipse.ui.texteditor.EditorMessages
Warning: NLS unused message: FindReplace_ReplaceFindButton_label in: org.eclipse.ui.texteditor.EditorMessages
Warning: NLS unused message: FindReplace_ReplaceSelectionButton_label in: org.eclipse.ui.texteditor.EditorMessages
Warning: NLS unused message: FindReplace_ReplaceAllButton_label in: org.eclipse.ui.texteditor.EditorMessages
Warning: NLS unused message: FindReplace_SelectAllButton_label in: org.eclipse.ui.texteditor.EditorMessages
Warning: NLS unused message: FindReplace_CloseButton_label in: org.eclipse.ui.texteditor.EditorMessages
Warning: NLS unused message: FindReplace_Status_replacements_label in: org.eclipse.ui.texteditor.EditorMessages
> Start DBeaver SQL Terminal [org.jkiss.dbeaver.ui.editors.sql.terminal 1.0.111.202407211303]
> Start 핵심 비교 지원 [org.eclipse.compare.core 3.8.500.v20240524-2010]
> Start 인터넷 연결 관리 사용자 인터페이스 [org.eclipse.ui.net 1.5.400.v20240413-1529]
> Start Internet Connection Management [org.eclipse.core.net 1.5.400.v20240413-1529]
> Start DBeaver Sample Database [org.jkiss.dbeaver.ext.sample.database 1.0.172.202407211303]
> Start DBeaver Tip of the day [org.jkiss.dbeaver.ext.ui.tipoftheday 1.0.141.202407211303]
> Start GEF Classic Draw2d [org.eclipse.draw2d 3.16.0.202405290843]
> Start GEF Classic GEF (MVC) [org.eclipse.gef 3.18.0.202405290843]
> Start DBeaver ERD UI [org.jkiss.dbeaver.erd.ui 3.0.95.202407211303]
> Start DBeaver ERD Model [org.jkiss.dbeaver.erd.model 1.0.95.202407211303]
> Start DBeaver Dashboard UI [org.jkiss.dbeaver.ui.dashboard 1.0.132.202407211303]
> Start DBeaver Dashboards Model [org.jkiss.dbeaver.model.dashboard 1.0.8.202407211303]
> Start DBeaver UI Editors - Connections [org.jkiss.dbeaver.ui.editors.connection 1.0.126.202407211303]
> Start 콘솔 [org.eclipse.ui.console 3.14.100.v20240429-1358]
> Start 디버그 핵심 [org.eclipse.debug.core 3.21.400.v20240415-0528]
2024-08-04 23:29:32.581 - Connect with 'localhost' (oracle_thin-19110e62643-1b2aad7c6c0c8729)
> Start DBeaver JDBC Model [org.jkiss.dbeaver.model.jdbc 1.0.28.202407211303]
> Start DBeaver Oracle Model [org.jkiss.dbeaver.ext.oracle 2.1.220.202407211303]
2024-08-04 23:29:32.615 - Execution context opened (localhost; Main; 0)
2024-08-04 23:29:32.882 - Execution context opened (localhost; Metadata; 1)
2024-08-04 23:29:32.965 - Connected (oracle_thin-19110e62643-1b2aad7c6c0c8729, Oracle JDBC driver [11.2.0.2.0])
2024-08-04 23:29:32.966 - Execution context opened (localhost; SQLEditor <Script.sql>; 2)
> Start DBeaver SQL Language Semantic Model [org.jkiss.dbeaver.model.lsm 1.0.30.202407211303]
2024-08-04 23:31:48.399 - Error while analyzing query text: CREATE TABLE
java.lang.NullPointerException: Cannot invoke "org.jkiss.dbeaver.model.stm.STMTreeNode.getNodeName()" because "node" is null
	at org.jkiss.dbeaver.model.sql.semantics.SQLQueryModelContext.collectIdentifier(SQLQueryModelContext.java:387)
	at org.jkiss.dbeaver.model.sql.semantics.SQLQueryModelContext.collectQualifiedName(SQLQueryModelContext.java:485)
	at org.jkiss.dbeaver.model.sql.semantics.SQLQueryModelContext.collectTableName(SQLQueryModelContext.java:466)
	at org.jkiss.dbeaver.model.sql.semantics.SQLQueryModelContext.traverseForIdentifiers(SQLQueryModelContext.java:253)
	at org.jkiss.dbeaver.model.sql.semantics.SQLQueryModelContext.recognizeQuery(SQLQueryModelContext.java:198)
	at org.jkiss.dbeaver.ui.editors.sql.semantics.SQLBackgroundParsingJob.doWork(SQLBackgroundParsingJob.java:541)
	at org.jkiss.dbeaver.ui.editors.sql.semantics.SQLBackgroundParsingJob$1.run(SQLBackgroundParsingJob.java:90)
	at org.jkiss.dbeaver.model.runtime.AbstractJob.run(AbstractJob.java:117)
	at org.eclipse.core.internal.jobs.Worker.run(Worker.java:63)
> Start DBeaver Data Transfer [org.jkiss.dbeaver.data.transfer 2.0.119.202407211303]
2024-08-04 23:51:37.093 - Execution context closed (localhost, 2)
2024-08-04 23:51:37.490 - DBeaver is stopping
2024-08-04 23:51:37.490 - Stop instance server
2024-08-04 23:51:38.520 - Instance server has been stopped
2024-08-04 23:51:38.521 - DBeaver shutdown completed
